#
# A fatal error has been detected by the Java Runtime Environment:
#
#  Internal Error (generateOopMap.cpp:1622), pid=11768, tid=0x0000000000000de4
#  Error: ShouldNotReachHere()
#
# JRE version: Java(TM) SE Runtime Environment (8.0_181-b13) (build 1.8.0_181-b13)
# Java VM: Java HotSpot(TM) 64-Bit Server VM (25.181-b13 mixed mode windows-amd64 compressed oops)
# Failed to write core dump. Minidumps are not enabled by default on client versions of Windows
#
# If you would like to submit a bug report, please visit:
#   http://bugreport.java.com/bugreport/crash.jsp
#

---------------  T H R E A D  ---------------

Current thread (0x000000001c008000):  VMThread [stack: 0x000000001cfd0000,0x000000001d0d0000] [id=3556]

Stack: [0x000000001cfd0000,0x000000001d0d0000]
[error occurred during error reporting (printing stack bounds), id 0xc0000005]

Native frames: (J=compiled Java code, j=interpreted, Vv=VM code, C=native code)

VM_Operation (0x000000001dd4f940): GetOrSetLocal, mode: safepoint, requested by thread 0x000000001d5da800


---------------  P R O C E S S  ---------------

Java Threads: ( => current thread )
  0x000000001f222800 JavaThread "block-manager-ask-thread-pool-1" daemon [_thread_blocked, id=8040, stack(0x00000000293b0000,0x00000000294b0000)]
  0x000000001f222000 JavaThread "block-manager-slave-async-thread-pool-2" daemon [_thread_blocked, id=9964, stack(0x0000000029180000,0x0000000029280000)]
  0x00000000215fb000 JavaThread "block-manager-slave-async-thread-pool-1" daemon [_thread_blocked, id=2956, stack(0x0000000029020000,0x0000000029120000)]
  0x00000000215fa800 JavaThread "block-manager-slave-async-thread-pool-0" daemon [_thread_blocked, id=6992, stack(0x0000000028b60000,0x0000000028c60000)]
  0x00000000215f9800 JavaThread "block-manager-ask-thread-pool-0" daemon [_thread_blocked, id=10268, stack(0x0000000028e70000,0x0000000028f70000)]
  0x00000000215f9000 JavaThread "task-result-getter-3" daemon [_thread_blocked, id=10736, stack(0x0000000028c70000,0x0000000028d70000)]
  0x00000000215f8000 JavaThread "task-result-getter-2" daemon [_thread_blocked, id=9496, stack(0x0000000024000000,0x0000000024100000)]
  0x00000000215f7800 JavaThread "task-result-getter-1" daemon [_thread_blocked, id=10596, stack(0x0000000027540000,0x0000000027640000)]
  0x00000000215f6800 JavaThread "task-result-getter-0" daemon [_thread_blocked, id=5068, stack(0x0000000025dc0000,0x0000000025ec0000)]
  0x00000000215f6000 JavaThread "Executor task launch worker-0" daemon [_thread_blocked, id=10468, stack(0x0000000025c00000,0x0000000025d00000)]
  0x00000000215f5000 JavaThread "SparkListenerBus" daemon [_thread_blocked, id=9184, stack(0x0000000025fd0000,0x00000000260d0000)]
  0x00000000215f4000 JavaThread "context-cleaner-periodic-gc" daemon [_thread_blocked, id=12500, stack(0x0000000025ec0000,0x0000000025fc0000)]
  0x0000000020db0000 JavaThread "Spark Context Cleaner" daemon [_thread_blocked, id=10608, stack(0x00000000257d0000,0x00000000258d0000)]
  0x0000000020daf000 JavaThread "shuffle-server-5-1" daemon [_thread_blocked, id=11528, stack(0x0000000024440000,0x0000000024540000)]
  0x0000000020dae800 JavaThread "driver-heartbeater" daemon [_thread_blocked, id=13172, stack(0x0000000022db0000,0x0000000022eb0000)]
  0x0000000020dad800 JavaThread "dag-scheduler-event-loop" daemon [_thread_blocked, id=1460, stack(0x0000000024280000,0x0000000024380000)]
  0x0000000020dad000 JavaThread "netty-rpc-env-timeout" daemon [_thread_blocked, id=3452, stack(0x0000000023dc0000,0x0000000023ec0000)]
  0x0000000020dac000 JavaThread "heartbeat-receiver-event-loop-thread" daemon [_thread_blocked, id=6376, stack(0x0000000024120000,0x0000000024220000)]
  0x0000000020dab800 JavaThread "Timer-0" daemon [_thread_blocked, id=12844, stack(0x0000000023ec0000,0x0000000023fc0000)]
  0x0000000020daa800 JavaThread "SparkUI-53" daemon [_thread_blocked, id=6716, stack(0x0000000023840000,0x0000000023940000)]
  0x0000000020da9800 JavaThread "SparkUI-52" daemon [_thread_blocked, id=12628, stack(0x0000000023cc0000,0x0000000023dc0000)]
  0x0000000020da9000 JavaThread "SparkUI-51" daemon [_thread_blocked, id=12872, stack(0x0000000023b00000,0x0000000023c00000)]
  0x0000000020eae800 JavaThread "SparkUI-50" daemon [_thread_blocked, id=9432, stack(0x0000000023950000,0x0000000023a50000)]
  0x0000000020eaf800 JavaThread "SparkUI-49" daemon [_thread_blocked, id=984, stack(0x00000000225d0000,0x00000000226d0000)]
  0x0000000020eb0000 JavaThread "SparkUI-48-acceptor-0@148a151d-ServerConnector@1a4df9fc{HTTP/1.1}{0.0.0.0:4041}" daemon [_thread_in_native, id=9884, stack(0x00000000234b0000,0x00000000235b0000)]
  0x0000000020eb1800 JavaThread "SparkUI-47-selector-ServerConnectorManager@7581e821/1" daemon [_thread_in_native, id=9504, stack(0x00000000236b0000,0x00000000237b0000)]
  0x0000000020eb1000 JavaThread "SparkUI-46-selector-ServerConnectorManager@7581e821/0" daemon [_thread_in_native, id=3720, stack(0x00000000235b0000,0x00000000236b0000)]
  0x0000000020eae000 JavaThread "map-output-dispatcher-7" daemon [_thread_blocked, id=540, stack(0x00000000227e0000,0x00000000228e0000)]
  0x0000000020ead000 JavaThread "map-output-dispatcher-6" daemon [_thread_blocked, id=12504, stack(0x0000000022ec0000,0x0000000022fc0000)]
  0x0000000020eac800 JavaThread "map-output-dispatcher-5" daemon [_thread_blocked, id=11960, stack(0x0000000022c90000,0x0000000022d90000)]
  0x0000000020eab800 JavaThread "map-output-dispatcher-4" daemon [_thread_blocked, id=7568, stack(0x0000000022b00000,0x0000000022c00000)]
  0x0000000020eab000 JavaThread "map-output-dispatcher-3" daemon [_thread_blocked, id=2780, stack(0x0000000022920000,0x0000000022a20000)]
  0x000000001f915000 JavaThread "map-output-dispatcher-2" daemon [_thread_blocked, id=9028, stack(0x00000000226e0000,0x00000000227e0000)]
  0x000000001facf000 JavaThread "map-output-dispatcher-1" daemon [_thread_blocked, id=4600, stack(0x0000000020610000,0x0000000020710000)]
  0x000000001face800 JavaThread "map-output-dispatcher-0" daemon [_thread_blocked, id=7476, stack(0x0000000022380000,0x0000000022480000)]
  0x0000000020e9b000 JavaThread "shuffle-server-3-1" daemon [_thread_blocked, id=12568, stack(0x0000000022490000,0x0000000022590000)]
  0x000000001f98a800 JavaThread "dispatcher-event-loop-3" daemon [_thread_blocked, id=10836, stack(0x000000001eae0000,0x000000001ebe0000)]
  0x000000001f989000 JavaThread "dispatcher-event-loop-2" daemon [_thread_blocked, id=8632, stack(0x0000000021e10000,0x0000000021f10000)]
  0x0000000020c50000 JavaThread "dispatcher-event-loop-1" daemon [_thread_blocked, id=6256, stack(0x0000000021c10000,0x0000000021d10000)]
  0x000000001f8ac800 JavaThread "dispatcher-event-loop-0" daemon [_thread_blocked, id=8004, stack(0x0000000020840000,0x0000000020940000)]
  0x000000001e8cf800 JavaThread "Service Thread" daemon [_thread_blocked, id=12024, stack(0x000000001fd90000,0x000000001fe90000)]
  0x000000001e883000 JavaThread "C1 CompilerThread2" daemon [_thread_blocked, id=9468, stack(0x000000001daa0000,0x000000001dba0000)]
  0x000000001e87e000 JavaThread "C2 CompilerThread1" daemon [_thread_blocked, id=1516, stack(0x000000001ebe0000,0x000000001ece0000)]
  0x000000001e896000 JavaThread "C2 CompilerThread0" daemon [_thread_blocked, id=5368, stack(0x000000001e9c0000,0x000000001eac0000)]
  0x000000001d5e5000 JavaThread "JDWP Command Reader" daemon [_thread_in_native, id=7868, stack(0x000000001dfd0000,0x000000001e0d0000)]
  0x000000001d5e3800 JavaThread "JDWP Event Helper Thread" daemon [_thread_blocked, id=7296, stack(0x000000001dde0000,0x000000001dee0000)]
  0x000000001d5da800 JavaThread "JDWP Transport Listener: dt_socket" daemon [_thread_blocked, id=7936, stack(0x000000001dc50000,0x000000001dd50000)]
  0x000000001d5ba000 JavaThread "Attach Listener" daemon [_thread_blocked, id=4596, stack(0x000000001d150000,0x000000001d250000)]
  0x000000001d5cc000 JavaThread "Signal Dispatcher" daemon [_thread_blocked, id=6328, stack(0x000000001d390000,0x000000001d490000)]
  0x000000001c056800 JavaThread "Finalizer" daemon [_thread_blocked, id=11368, stack(0x000000001d4a0000,0x000000001d5a0000)]
  0x000000001c00f800 JavaThread "Reference Handler" daemon [_thread_blocked, id=6020, stack(0x000000001d290000,0x000000001d390000)]
  0x0000000002323800 JavaThread "main" [_thread_blocked, id=10540, stack(0x0000000002580000,0x0000000002680000)]

Other Threads:
=>0x000000001c008000 VMThread [stack: 0x000000001cfd0000,0x000000001d0d0000] [id=3556]
  0x000000001ed42800 WatcherThread [stack: 0x000000001ff30000,0x0000000020030000] [id=10124]

VM state:at safepoint (normal execution)

VM Mutex/Monitor currently owned by a thread:  ([mutex/lock_event])
[0x000000000231b700] Threads_lock - owner thread: 0x000000001c008000

Heap:
 PSYoungGen      total 190464K, used 145035K [0x000000076b400000, 0x0000000778c80000, 0x00000007c0000000)
  eden space 179712K, 78% used [0x000000076b400000,0x0000000773d55a28,0x0000000776380000)
  from space 10752K, 40% used [0x0000000776e00000,0x000000077724d470,0x0000000777880000)
  to   space 10752K, 0% used [0x0000000776380000,0x0000000776380000,0x0000000776e00000)
 ParOldGen       total 139264K, used 13231K [0x00000006c1c00000, 0x00000006ca400000, 0x000000076b400000)
  object space 139264K, 9% used [0x00000006c1c00000,0x00000006c28ebef8,0x00000006ca400000)
 Metaspace       used 42272K, capacity 42898K, committed 43264K, reserved 1085440K
  class space    used 6130K, capacity 6284K, committed 6400K, reserved 1048576K

Card table byte_map: [0x0000000011b40000,0x0000000012340000] byte_map_base: 0x000000000e532000

Marking Bits: (ParMarkBitMap*) 0x00000000710c2d00
 Begin Bits: [0x0000000012f50000, 0x0000000016ee0000)
 End Bits:   [0x0000000016ee0000, 0x000000001ae70000)

Polling page: 0x0000000000250000

CodeCache: size=245760Kb used=10886Kb max_used=10959Kb free=234873Kb
 bounds [0x0000000002780000, 0x0000000003250000, 0x0000000011780000]
 total_blobs=4287 nmethods=3648 adapters=558
 compilation: enabled

Compilation events (10 events):
Event: 17.503 Thread 0x000000001e883000 3997       1       org.apache.spark.executor.OutputMetrics::_recordsWritten (5 bytes)
Event: 17.503 Thread 0x000000001e883000 nmethod 3997 0x0000000003240490 code [0x00000000032405e0, 0x00000000032406f0]
Event: 17.503 Thread 0x000000001e883000 3998       1       org.apache.spark.executor.TaskMetrics::_jvmGCTime (5 bytes)
Event: 17.503 Thread 0x000000001e883000 nmethod 3998 0x0000000003240750 code [0x00000000032408a0, 0x00000000032409b0]
Event: 18.146 Thread 0x000000001e883000 3999       3       java.util.Formatter::locale (9 bytes)
Event: 18.146 Thread 0x000000001e883000 nmethod 3999 0x0000000003240a10 code [0x0000000003240b80, 0x0000000003240e08]
Event: 19.377 Thread 0x000000001e883000 4000       3       scala.collection.immutable.StringLike$$anonfun$format$1::<init> (16 bytes)
Event: 19.377 Thread 0x000000001e883000 nmethod 4000 0x00000000028fbb50 code [0x00000000028fbcc0, 0x00000000028fbfb0]
Event: 19.381 Thread 0x000000001e896000 4001       4       java.util.regex.Pattern$Branch::match (66 bytes)
Event: 19.384 Thread 0x000000001e896000 nmethod 4001 0x00000000029a5b10 code [0x00000000029a5c80, 0x00000000029a60f8]

GC Heap History (10 events):
Event: 2.858 GC heap before
{Heap before GC invocations=4 (full 1):
 PSYoungGen      total 76288K, used 5254K [0x000000076b400000, 0x0000000774900000, 0x00000007c0000000)
  eden space 65536K, 0% used [0x000000076b400000,0x000000076b400000,0x000000076f400000)
  from space 10752K, 48% used [0x000000076f400000,0x000000076f921b68,0x000000076fe80000)
  to   space 10752K, 0% used [0x0000000773e80000,0x0000000773e80000,0x0000000774900000)
 ParOldGen       total 175104K, used 96K [0x00000006c1c00000, 0x00000006cc700000, 0x000000076b400000)
  object space 175104K, 0% used [0x00000006c1c00000,0x00000006c1c18028,0x00000006cc700000)
 Metaspace       used 20915K, capacity 21106K, committed 21296K, reserved 1067008K
  class space    used 2888K, capacity 2941K, committed 2944K, reserved 1048576K
Event: 2.882 GC heap after
Heap after GC invocations=4 (full 1):
 PSYoungGen      total 76288K, used 0K [0x000000076b400000, 0x0000000774900000, 0x00000007c0000000)
  eden space 65536K, 0% used [0x000000076b400000,0x000000076b400000,0x000000076f400000)
  from space 10752K, 0% used [0x000000076f400000,0x000000076f400000,0x000000076fe80000)
  to   space 10752K, 0% used [0x0000000773e80000,0x0000000773e80000,0x0000000774900000)
 ParOldGen       total 96768K, used 5191K [0x00000006c1c00000, 0x00000006c7a80000, 0x000000076b400000)
  object space 96768K, 5% used [0x00000006c1c00000,0x00000006c2111e70,0x00000006c7a80000)
 Metaspace       used 20915K, capacity 21106K, committed 21296K, reserved 1067008K
  class space    used 2888K, capacity 2941K, committed 2944K, reserved 1048576K
}
Event: 3.514 GC heap before
{Heap before GC invocations=5 (full 1):
 PSYoungGen      total 76288K, used 65490K [0x000000076b400000, 0x0000000774900000, 0x00000007c0000000)
  eden space 65536K, 99% used [0x000000076b400000,0x000000076f3f4b70,0x000000076f400000)
  from space 10752K, 0% used [0x000000076f400000,0x000000076f400000,0x000000076fe80000)
  to   space 10752K, 0% used [0x0000000773e80000,0x0000000773e80000,0x0000000774900000)
 ParOldGen       total 96768K, used 5191K [0x00000006c1c00000, 0x00000006c7a80000, 0x000000076b400000)
  object space 96768K, 5% used [0x00000006c1c00000,0x00000006c2111e70,0x00000006c7a80000)
 Metaspace       used 27614K, capacity 27830K, committed 28032K, reserved 1073152K
  class space    used 3815K, capacity 3875K, committed 3968K, reserved 1048576K
Event: 3.534 GC heap after
Heap after GC invocations=5 (full 1):
 PSYoungGen      total 118272K, used 7711K [0x000000076b400000, 0x0000000774680000, 0x00000007c0000000)
  eden space 110080K, 0% used [0x000000076b400000,0x000000076b400000,0x0000000771f80000)
  from space 8192K, 94% used [0x0000000773e80000,0x0000000774607cb0,0x0000000774680000)
  to   space 10752K, 0% used [0x0000000773180000,0x0000000773180000,0x0000000773c00000)
 ParOldGen       total 96768K, used 5191K [0x00000006c1c00000, 0x00000006c7a80000, 0x000000076b400000)
  object space 96768K, 5% used [0x00000006c1c00000,0x00000006c2111e70,0x00000006c7a80000)
 Metaspace       used 27614K, capacity 27830K, committed 28032K, reserved 1073152K
  class space    used 3815K, capacity 3875K, committed 3968K, reserved 1048576K
}
Event: 6.121 GC heap before
{Heap before GC invocations=6 (full 1):
 PSYoungGen      total 118272K, used 99773K [0x000000076b400000, 0x0000000774680000, 0x00000007c0000000)
  eden space 110080K, 83% used [0x000000076b400000,0x0000000770de7a40,0x0000000771f80000)
  from space 8192K, 94% used [0x0000000773e80000,0x0000000774607cb0,0x0000000774680000)
  to   space 10752K, 0% used [0x0000000773180000,0x0000000773180000,0x0000000773c00000)
 ParOldGen       total 96768K, used 5191K [0x00000006c1c00000, 0x00000006c7a80000, 0x000000076b400000)
  object space 96768K, 5% used [0x00000006c1c00000,0x00000006c2111e70,0x00000006c7a80000)
 Metaspace       used 35151K, capacity 35460K, committed 35496K, reserved 1079296K
  class space    used 5003K, capacity 5103K, committed 5120K, reserved 1048576K
Event: 6.136 GC heap after
Heap after GC invocations=6 (full 1):
 PSYoungGen      total 139264K, used 9521K [0x000000076b400000, 0x0000000777880000, 0x00000007c0000000)
  eden space 128512K, 0% used [0x000000076b400000,0x000000076b400000,0x0000000773180000)
  from space 10752K, 88% used [0x0000000773180000,0x0000000773acc528,0x0000000773c00000)
  to   space 10752K, 0% used [0x0000000776e00000,0x0000000776e00000,0x0000000777880000)
 ParOldGen       total 96768K, used 5199K [0x00000006c1c00000, 0x00000006c7a80000, 0x000000076b400000)
  object space 96768K, 5% used [0x00000006c1c00000,0x00000006c2113e70,0x00000006c7a80000)
 Metaspace       used 35151K, capacity 35460K, committed 35496K, reserved 1079296K
  class space    used 5003K, capacity 5103K, committed 5120K, reserved 1048576K
}
Event: 6.136 GC heap before
{Heap before GC invocations=7 (full 2):
 PSYoungGen      total 139264K, used 9521K [0x000000076b400000, 0x0000000777880000, 0x00000007c0000000)
  eden space 128512K, 0% used [0x000000076b400000,0x000000076b400000,0x0000000773180000)
  from space 10752K, 88% used [0x0000000773180000,0x0000000773acc528,0x0000000773c00000)
  to   space 10752K, 0% used [0x0000000776e00000,0x0000000776e00000,0x0000000777880000)
 ParOldGen       total 96768K, used 5199K [0x00000006c1c00000, 0x00000006c7a80000, 0x000000076b400000)
  object space 96768K, 5% used [0x00000006c1c00000,0x00000006c2113e70,0x00000006c7a80000)
 Metaspace       used 35151K, capacity 35460K, committed 35496K, reserved 1079296K
  class space    used 5003K, capacity 5103K, committed 5120K, reserved 1048576K
Event: 6.166 GC heap after
Heap after GC invocations=7 (full 2):
 PSYoungGen      total 139264K, used 0K [0x000000076b400000, 0x0000000777880000, 0x00000007c0000000)
  eden space 128512K, 0% used [0x000000076b400000,0x000000076b400000,0x0000000773180000)
  from space 10752K, 0% used [0x0000000773180000,0x0000000773180000,0x0000000773c00000)
  to   space 10752K, 0% used [0x0000000776e00000,0x0000000776e00000,0x0000000777880000)
 ParOldGen       total 139264K, used 13223K [0x00000006c1c00000, 0x00000006ca400000, 0x000000076b400000)
  object space 139264K, 9% used [0x00000006c1c00000,0x00000006c28e9ef8,0x00000006ca400000)
 Metaspace       used 35148K, capacity 35454K, committed 35496K, reserved 1079296K
  class space    used 5003K, capacity 5102K, committed 5120K, reserved 1048576K
}
Event: 12.036 GC heap before
{Heap before GC invocations=8 (full 2):
 PSYoungGen      total 139264K, used 128512K [0x000000076b400000, 0x0000000777880000, 0x00000007c0000000)
  eden space 128512K, 100% used [0x000000076b400000,0x0000000773180000,0x0000000773180000)
  from space 10752K, 0% used [0x0000000773180000,0x0000000773180000,0x0000000773c00000)
  to   space 10752K, 0% used [0x0000000776e00000,0x0000000776e00000,0x0000000777880000)
 ParOldGen       total 139264K, used 13223K [0x00000006c1c00000, 0x00000006ca400000, 0x000000076b400000)
  object space 139264K, 9% used [0x00000006c1c00000,0x00000006c28e9ef8,0x00000006ca400000)
 Metaspace       used 38663K, capacity 39180K, committed 39296K, reserved 1083392K
  class space    used 5552K, capacity 5691K, committed 5760K, reserved 1048576K
Event: 12.040 GC heap after
Heap after GC invocations=8 (full 2):
 PSYoungGen      total 190464K, used 4405K [0x000000076b400000, 0x0000000778c80000, 0x00000007c0000000)
  eden space 179712K, 0% used [0x000000076b400000,0x000000076b400000,0x0000000776380000)
  from space 10752K, 40% used [0x0000000776e00000,0x000000077724d470,0x0000000777880000)
  to   space 10752K, 0% used [0x0000000776380000,0x0000000776380000,0x0000000776e00000)
 ParOldGen       total 139264K, used 13231K [0x00000006c1c00000, 0x00000006ca400000, 0x000000076b400000)
  object space 139264K, 9% used [0x00000006c1c00000,0x00000006c28ebef8,0x00000006ca400000)
 Metaspace       used 38663K, capacity 39180K, committed 39296K, reserved 1083392K
  class space    used 5552K, capacity 5691K, committed 5760K, reserved 1048576K
}

Deoptimization events (10 events):
Event: 12.995 Thread 0x00000000215f6000 Uncommon trap: reason=bimorphic action=maybe_recompile pc=0x000000000302a02c method=java.io.ObjectInputStream$PeekInputStream.read()I @ 23
Event: 12.995 Thread 0x00000000215f6000 Uncommon trap: reason=bimorphic action=maybe_recompile pc=0x0000000003032bf4 method=java.io.ObjectInputStream$PeekInputStream.peek()I @ 17
Event: 12.995 Thread 0x00000000215f6000 Uncommon trap: reason=bimorphic action=maybe_recompile pc=0x000000000307bfcc method=java.io.ObjectInputStream$PeekInputStream.peek()I @ 17
Event: 12.995 Thread 0x00000000215f6000 Uncommon trap: reason=bimorphic action=maybe_recompile pc=0x000000000302a02c method=java.io.ObjectInputStream$PeekInputStream.read()I @ 23
Event: 12.995 Thread 0x00000000215f6000 Uncommon trap: reason=bimorphic action=maybe_recompile pc=0x0000000003032bf4 method=java.io.ObjectInputStream$PeekInputStream.peek()I @ 17
Event: 12.996 Thread 0x00000000215f6000 Uncommon trap: reason=bimorphic action=maybe_recompile pc=0x000000000302a02c method=java.io.ObjectInputStream$PeekInputStream.read()I @ 23
Event: 13.521 Thread 0x00000000215f6000 Uncommon trap: reason=array_check action=maybe_recompile pc=0x00000000031f5d7c method=java.util.Arrays.fill([Ljava/lang/Object;Ljava/lang/Object;)V @ 13
Event: 13.521 Thread 0x00000000215f6000 Uncommon trap: reason=array_check action=maybe_recompile pc=0x00000000031f5d7c method=java.util.Arrays.fill([Ljava/lang/Object;Ljava/lang/Object;)V @ 13
Event: 13.522 Thread 0x00000000215f6000 Uncommon trap: reason=array_check action=maybe_recompile pc=0x00000000031f5d7c method=java.util.Arrays.fill([Ljava/lang/Object;Ljava/lang/Object;)V @ 13
Event: 13.522 Thread 0x00000000215f6000 Uncommon trap: reason=array_check action=maybe_recompile pc=0x00000000031f5d7c method=java.util.Arrays.fill([Ljava/lang/Object;Ljava/lang/Object;)V @ 13

Classes redefined (10 events):
Event: 697.794 Thread 0x000000001c008000 redefined class name=kmeans_user$$anonfun$kmeans$2, count=4
Event: 697.808 Thread 0x000000001c008000 redefined class name=kmeans_user, count=4
Event: 697.821 Thread 0x000000001c008000 redefined class name=kmeans_user$, count=4
Event: 6010.701 Thread 0x000000001c008000 redefined class name=kmeans_user$$anonfun$1, count=5
Event: 6010.711 Thread 0x000000001c008000 redefined class name=kmeans_user$$anonfun$2, count=5
Event: 6010.725 Thread 0x000000001c008000 redefined class name=kmeans_user$$anonfun$1$$anonfun$apply$1, count=5
Event: 6010.736 Thread 0x000000001c008000 redefined class name=kmeans_user$$anonfun$kmeans$1, count=5
Event: 6010.751 Thread 0x000000001c008000 redefined class name=kmeans_user$$anonfun$kmeans$2, count=5
Event: 6010.766 Thread 0x000000001c008000 redefined class name=kmeans_user, count=5
Event: 6010.777 Thread 0x000000001c008000 redefined class name=kmeans_user$, count=5

Internal exceptions (10 events):
Event: 12.494 Thread 0x0000000020dad800 Exception <a 'java/lang/NoSuchMethodError': <clinit>> (0x000000076ce2c160) thrown at [C:\re\workspace\8-2-build-windows-amd64-cygwin\jdk8u181\11358\hotspot\src\share\vm\prims\jni.cpp, line 1613]
Event: 12.494 Thread 0x0000000020dad800 Exception <a 'java/lang/NoSuchMethodError': <clinit>> (0x000000076ce2dd60) thrown at [C:\re\workspace\8-2-build-windows-amd64-cygwin\jdk8u181\11358\hotspot\src\share\vm\prims\jni.cpp, line 1613]
Event: 12.506 Thread 0x0000000020c50000 Exception <a 'java/lang/NoSuchMethodError': <clinit>> (0x000000076b98b6e0) thrown at [C:\re\workspace\8-2-build-windows-amd64-cygwin\jdk8u181\11358\hotspot\src\share\vm\prims\jni.cpp, line 1613]
Event: 12.577 Thread 0x00000000215f6000 Exception <a 'java/lang/NoSuchMethodError': <clinit>> (0x000000076d8f4928) thrown at [C:\re\workspace\8-2-build-windows-amd64-cygwin\jdk8u181\11358\hotspot\src\share\vm\prims\jni.cpp, line 1613]
Event: 12.601 Thread 0x0000000020c50000 Exception <a 'java/lang/NoSuchMethodError': <clinit>> (0x000000076b9b64d8) thrown at [C:\re\workspace\8-2-build-windows-amd64-cygwin\jdk8u181\11358\hotspot\src\share\vm\prims\jni.cpp, line 1613]
Event: 12.635 Thread 0x00000000215f6000 Exception <a 'java/lang/NoSuchMethodError': <clinit>> (0x000000076e0c52f8) thrown at [C:\re\workspace\8-2-build-windows-amd64-cygwin\jdk8u181\11358\hotspot\src\share\vm\prims\jni.cpp, line 1613]
Event: 12.815 Thread 0x0000000002323800 Exception <a 'java/lang/NoSuchMethodError': <clinit>> (0x000000076ea41140) thrown at [C:\re\workspace\8-2-build-windows-amd64-cygwin\jdk8u181\11358\hotspot\src\share\vm\prims\jni.cpp, line 1613]
Event: 12.946 Thread 0x0000000020dad800 Exception <a 'java/lang/NoSuchMethodError': <clinit>> (0x000000076edc5dc0) thrown at [C:\re\workspace\8-2-build-windows-amd64-cygwin\jdk8u181\11358\hotspot\src\share\vm\prims\jni.cpp, line 1613]
Event: 19.974 Thread 0x0000000002323800 Exception <a 'java/lang/NoSuchMethodError': <clinit>> (0x000000077399b4c0) thrown at [C:\re\workspace\8-2-build-windows-amd64-cygwin\jdk8u181\11358\hotspot\src\share\vm\prims\jni.cpp, line 1613]
Event: 19.976 Thread 0x0000000002323800 Exception <a 'java/lang/NoSuchMethodError': <clinit>> (0x00000007739a3548) thrown at [C:\re\workspace\8-2-build-windows-amd64-cygwin\jdk8u181\11358\hotspot\src\share\vm\prims\jni.cpp, line 1613]

Events (10 events):
Event: 6597.866 Executing VM operation: ChangeBreakpoints done
Event: 6613.391 Executing VM operation: ChangeBreakpoints
Event: 6613.391 Executing VM operation: ChangeBreakpoints done
Event: 6613.423 Executing VM operation: ChangeBreakpoints
Event: 6613.424 Executing VM operation: ChangeBreakpoints done
Event: 6613.429 Executing VM operation: ChangeBreakpoints
Event: 6613.429 Executing VM operation: ChangeBreakpoints done
Event: 6665.922 Executing VM operation: ChangeBreakpoints
Event: 6665.922 Executing VM operation: ChangeBreakpoints done
Event: 6665.961 Executing VM operation: GetOrSetLocal


Dynamic libraries:
0x000000013f940000 - 0x000000013f977000 	C:\Program Files\Java\jdk1.8.0_181\bin\java.exe
0x00000000771d0000 - 0x0000000077379000 	C:\Windows\SYSTEM32\ntdll.dll
0x0000000076fb0000 - 0x00000000770cf000 	C:\Windows\system32\kernel32.dll
0x000007fefd210000 - 0x000007fefd27b000 	C:\Windows\system32\KERNELBASE.dll
0x0000000074c90000 - 0x0000000074d22000 	C:\Windows\System32\SYSFER.DLL
0x000007feff400000 - 0x000007feff4db000 	C:\Windows\system32\ADVAPI32.dll
0x000007fefd690000 - 0x000007fefd72f000 	C:\Windows\system32\msvcrt.dll
0x000007feff140000 - 0x000007feff15f000 	C:\Windows\SYSTEM32\sechost.dll
0x000007feff1e0000 - 0x000007feff30d000 	C:\Windows\system32\RPCRT4.dll
0x00000000770d0000 - 0x00000000771ca000 	C:\Windows\system32\USER32.dll
0x000007fefd340000 - 0x000007fefd3a7000 	C:\Windows\system32\GDI32.dll
0x000007fefed00000 - 0x000007fefed0e000 	C:\Windows\system32\LPK.dll
0x000007fefd3b0000 - 0x000007fefd479000 	C:\Windows\system32\USP10.dll
0x000007fefb970000 - 0x000007fefbb64000 	C:\Windows\WinSxS\amd64_microsoft.windows.common-controls_6595b64144ccf1df_6.0.7601.17514_none_fa396087175ac9ac\COMCTL32.dll
0x000007feff020000 - 0x000007feff091000 	C:\Windows\system32\SHLWAPI.dll
0x000007fefda90000 - 0x000007fefdabe000 	C:\Windows\system32\IMM32.DLL
0x000007fefd7f0000 - 0x000007fefd8f9000 	C:\Windows\system32\MSCTF.dll
0x0000000078ed0000 - 0x0000000078fa2000 	C:\Program Files\Java\jdk1.8.0_181\jre\bin\msvcr100.dll
0x00000000708a0000 - 0x0000000071142000 	C:\Program Files\Java\jdk1.8.0_181\jre\bin\server\jvm.dll
0x000007feeef70000 - 0x000007feeef79000 	C:\Windows\system32\WSOCK32.dll
0x000007fefed70000 - 0x000007fefedbd000 	C:\Windows\system32\WS2_32.dll
0x000007feff3f0000 - 0x000007feff3f8000 	C:\Windows\system32\NSI.dll
0x000007fefaeb0000 - 0x000007fefaeeb000 	C:\Windows\system32\WINMM.dll
0x000007fefc060000 - 0x000007fefc06c000 	C:\Windows\system32\VERSION.dll
0x00000000773a0000 - 0x00000000773a7000 	C:\Windows\system32\PSAPI.DLL
0x0000000071900000 - 0x000000007190f000 	C:\Program Files\Java\jdk1.8.0_181\jre\bin\verify.dll
0x00000000589e0000 - 0x0000000058a09000 	C:\Program Files\Java\jdk1.8.0_181\jre\bin\java.dll
0x000000006a190000 - 0x000000006a1c5000 	C:\Program Files\Java\jdk1.8.0_181\jre\bin\jdwp.dll
0x0000000072aa0000 - 0x0000000072aa8000 	C:\Program Files\Java\jdk1.8.0_181\jre\bin\npt.dll
0x0000000072230000 - 0x0000000072253000 	C:\Program Files\Java\jdk1.8.0_181\jre\bin\instrument.dll
0x0000000058970000 - 0x0000000058986000 	C:\Program Files\Java\jdk1.8.0_181\jre\bin\zip.dll
0x000007fefdac0000 - 0x000007fefe848000 	C:\Windows\system32\SHELL32.dll
0x000007fefd480000 - 0x000007fefd683000 	C:\Windows\system32\ole32.dll
0x000007fefcf90000 - 0x000007fefcf9f000 	C:\Windows\system32\profapi.dll
0x0000000072ab0000 - 0x0000000072ab9000 	C:\Program Files\Java\jdk1.8.0_181\jre\bin\dt_socket.dll
0x000007fefc720000 - 0x000007fefc775000 	C:\Windows\system32\mswsock.dll
0x000007fefc130000 - 0x000007fefc137000 	C:\Windows\System32\wshtcpip.dll
0x0000000072220000 - 0x000000007222d000 	C:\Program Files\Java\jdk1.8.0_181\jre\bin\management.dll
0x0000000072210000 - 0x0000000072219000 	C:\Program Files\Java\jdk1.8.0_181\jre\bin\w2k_lsa_auth.dll
0x000007fefcb80000 - 0x000007fefcb8b000 	C:\Windows\system32\Secur32.dll
0x000007fefcd50000 - 0x000007fefcd75000 	C:\Windows\system32\SSPICLI.DLL
0x000007fef8660000 - 0x000007fef867a000 	D:\hadoop-2.7.7\bin\hadoop.dll
0x000007fefc950000 - 0x000007fefc97f000 	C:\Windows\system32\AUTHZ.dll
0x000007fefa880000 - 0x000007fefa896000 	C:\Windows\system32\NETAPI32.dll
0x000007fefc3b0000 - 0x000007fefc3bc000 	C:\Windows\system32\netutils.dll
0x000007fefca00000 - 0x000007fefca23000 	C:\Windows\system32\srvcli.dll
0x000007fefa860000 - 0x000007fefa875000 	C:\Windows\system32\wkscli.dll
0x000007fefa7d0000 - 0x000007fefa7e4000 	C:\Windows\system32\SAMCLI.DLL
0x000000006cf50000 - 0x000000006cf58000 	C:\Program Files\Java\jdk1.8.0_181\jre\bin\jaas_nt.dll
0x0000000058950000 - 0x000000005896a000 	C:\Program Files\Java\jdk1.8.0_181\jre\bin\net.dll
0x000007fefc710000 - 0x000007fefc717000 	C:\Windows\System32\wship6.dll
0x000007fefaf00000 - 0x000007fefaf15000 	C:\Windows\system32\NLAapi.dll
0x000007fef5e50000 - 0x000007fef5e65000 	C:\Windows\system32\napinsp.dll
0x000007fef5e70000 - 0x000007fef5e89000 	C:\Windows\system32\pnrpnsp.dll
0x000007fefc5a0000 - 0x000007fefc5fb000 	C:\Windows\system32\DNSAPI.dll
0x000007fef11e0000 - 0x000007fef11eb000 	C:\Windows\System32\winrnr.dll
0x000007fefa770000 - 0x000007fefa797000 	C:\Windows\system32\IPHLPAPI.DLL
0x000007fefa740000 - 0x000007fefa74b000 	C:\Windows\system32\WINNSI.DLL
0x000007fef8680000 - 0x000007fef8688000 	C:\Windows\system32\rasadhlp.dll
0x000007fefa520000 - 0x000007fefa573000 	C:\Windows\System32\fwpuclnt.dll
0x0000000055510000 - 0x0000000055521000 	C:\Program Files\Java\jdk1.8.0_181\jre\bin\nio.dll
0x000007fefc780000 - 0x000007fefc797000 	C:\Windows\system32\CRYPTSP.dll
0x000007fefc480000 - 0x000007fefc4c7000 	C:\Windows\system32\rsaenh.dll
0x000007fefcfa0000 - 0x000007fefcfbe000 	C:\Windows\system32\USERENV.dll
0x000007fefcde0000 - 0x000007fefcdef000 	C:\Windows\system32\CRYPTBASE.dll
0x000007fefa2c0000 - 0x000007fefa2d1000 	C:\Windows\system32\dhcpcsvc6.DLL
0x000007fefa3d0000 - 0x000007fefa3e8000 	C:\Windows\system32\dhcpcsvc.DLL
0x0000000066f40000 - 0x0000000066f6d000 	C:\Users\liulu\AppData\Local\Temp\liblz4-java7931964962722943214.so

VM Arguments:
jvm_args: -agentlib:jdwp=transport=dt_socket,address=127.0.0.1:55116,suspend=y,server=n -javaagent:C:\Users\liulu\AppData\Local\Temp\capturejars\debugger-agent.jar=file:/C:/Users/liulu/AppData/Local/Temp/capture.props -Dfile.encoding=UTF-8 
java_command: kmeans_user
java_class_path (initial): C:\Program Files\Java\jdk1.8.0_181\jre\lib\charsets.jar;C:\Program Files\Java\jdk1.8.0_181\jre\lib\deploy.jar;C:\Program Files\Java\jdk1.8.0_181\jre\lib\ext\access-bridge-64.jar;C:\Program Files\Java\jdk1.8.0_181\jre\lib\ext\cldrdata.jar;C:\Program Files\Java\jdk1.8.0_181\jre\lib\ext\dnsns.jar;C:\Program Files\Java\jdk1.8.0_181\jre\lib\ext\jaccess.jar;C:\Program Files\Java\jdk1.8.0_181\jre\lib\ext\jfxrt.jar;C:\Program Files\Java\jdk1.8.0_181\jre\lib\ext\localedata.jar;C:\Program Files\Java\jdk1.8.0_181\jre\lib\ext\nashorn.jar;C:\Program Files\Java\jdk1.8.0_181\jre\lib\ext\sunec.jar;C:\Program Files\Java\jdk1.8.0_181\jre\lib\ext\sunjce_provider.jar;C:\Program Files\Java\jdk1.8.0_181\jre\lib\ext\sunmscapi.jar;C:\Program Files\Java\jdk1.8.0_181\jre\lib\ext\sunpkcs11.jar;C:\Program Files\Java\jdk1.8.0_181\jre\lib\ext\zipfs.jar;C:\Program Files\Java\jdk1.8.0_181\jre\lib\javaws.jar;C:\Program Files\Java\jdk1.8.0_181\jre\lib\jce.jar;C:\Program Files\Java\jdk1.8.0_181\jre\lib\jfr.jar;C:\Program Files\Java\jdk1.8.0_181\jre\lib\jfxswt.jar;C:\Program Files\Java\jdk1.8.0_181\jre\lib\jsse.jar;C:\Program Files\Java\jdk1.8.0_181\jre\lib\management-agent.jar;C:\Program Files\Java\jdk1.8.0_181\jre\lib\plugin.jar;C:\Program Files\Java\jdk1.8.0_181\jre\lib\resources.jar;C:\Program Files\Java\jdk1.8.0_181\jre\lib\rt.jar;D:\work\IdeaProjects\newsongtrain\target\classes;C:\Program Files (x86)\scala\lib\scala-actors-2.11.0.jar;C:\Program Files (x86)\scala\lib\scala-actors-migration_2.11-1.1.0.jar;C:\Program Files (x86)\scala\lib\scala-library.jar;C:\Program Files (x86)\scala\lib\scala-parser-combinators_2.11-1.0.1.jar;C:\Program Files (x86)\scala\lib\scala-reflect.jar;C:\Program Files (x86)\scala\lib\scala-swing_2.11-1.0.1.jar;C:\Program Files (x86)\scala\lib\scala-xml_2.11-1.0.1.jar;C:\Users\liulu\.m2\repository\org\scala-lang\scala-library\2.11.8\scala-library-2.11.8.jar;C:\Users\liulu\.m2\repository\junit\junit\4.4\junit-4.4.jar;C:\Users\liulu\.m2\repositor
Launcher Type: SUN_STANDARD

Environment Variables:
JAVA_HOME=C:\Program Files\Java\jdk1.8.0_181
CLASSPATH=C:\Program Files\Java\jdk1.8.0_181\lib\tools.jar
PATH=C:\ProgramData\Anaconda3;C:\ProgramData\Anaconda3\Library\mingw-w64\bin;C:\ProgramData\Anaconda3\Library\usr\bin;C:\ProgramData\Anaconda3\Library\bin;C:\ProgramData\Anaconda3\Scripts;C:\Program Files (x86)\Common Files\Oracle\Java\javapath;C:\Windows\system32;C:\Windows;C:\Windows\System32\Wbem;C:\Windows\System32\WindowsPowerShell\v1.0\;C:\Program Files\Java\jdk1.8.0_181\bin;C:\Program Files (x86)\scala\bin;C:\Program Files\TortoiseGit\bin;D:\Program Files\Git\cmd;D:\hadoop-2.7.7\bin
USERNAME=liulu
OS=Windows_NT
PROCESSOR_IDENTIFIER=Intel64 Family 6 Model 58 Stepping 9, GenuineIntel



---------------  S Y S T E M  ---------------

OS: Windows 7 , 64 bit Build 7601 (6.1.7601.18015)

CPU:total 4 (initial active 4) (4 cores per cpu, 1 threads per core) family 6 model 58 stepping 9, cmov, cx8, fxsr, mmx, sse, sse2, sse3, ssse3, sse4.1, sse4.2, popcnt, avx, aes, clmul, erms, tsc, tscinvbit, tscinv

Memory: 4k page, physical 16661040k(4094956k free), swap 33320216k(18271260k free)

vm_info: Java HotSpot(TM) 64-Bit Server VM (25.181-b13) for windows-amd64 JRE (1.8.0_181-b13), built on Jul  7 2018 04:01:33 by "java_re" with MS VC++ 10.0 (VS2010)

time: Tue Nov 20 17:06:49 2018
elapsed time: 6665 seconds (0d 1h 51m 5s)

